<?xml version="1.0" encoding="UTF-8"?>
<!-- Generated by org.testng.reporters.JUnitReportReporter -->
<testsuite hostname="LAPTOP-S8F5HQ5L" failures="0" tests="3" name="files.DynamicJson" time="1.659" errors="0" timestamp="2024-08-27T21:46:38 IST" skipped="0">
  <testcase classname="files.DynamicJson" name="addBook" time="1.427"/>
  <testcase classname="files.DynamicJson" name="addBook" time="0.123"/>
  <testcase classname="files.DynamicJson" name="addBook" time="0.109"/>
</testsuite> <!-- files.DynamicJson -->
