<?xml version="1.0" encoding="UTF-8"?>
<!-- Generated by org.testng.reporters.JUnitReportReporter -->
<testsuite hostname="LAPTOP-S8F5HQ5L" failures="0" tests="1" name="files.JiraIssue" time="3.307" errors="0" timestamp="2024-08-27T22:48:32 IST" skipped="0">
  <testcase classname="files.JiraIssue" name="createBug" time="3.307"/>
</testsuite> <!-- files.JiraIssue -->
